{"uuid":"2186d498-1962-410d-a382-c10ecc82b73b","historyId":"15f86fd21915e808e402f5e43591618b","testCaseId":"64ce64fa2d1aa6b8637d3f859cf9954","fullName":"src/test/resources/features/register.feature:11","labels":[{"name":"tag","value":"Register"},{"name":"tag","value":"happyRegister"},{"name":"host","value":"txbofurquidi2"},{"name":"thread","value":"23200@txbofurquidi2.main(1)"},{"name":"feature","value":"Register Feature"},{"name":"story","value":"I register on the website with valid data"},{"name":"suite","value":"Register Feature"},{"name":"testClass","value":"I register on the website with valid data"},{"name":"framework","value":"cucumber4jvm"},{"name":"language","value":"java"},{"name":"gherkin_uri","value":"file:///C:/Users/fabiola.urquidi/Documents/FABY/AUTOMATION/CUCUMBER/Proyecto-JuiceShop/src/test/resources/features/register.feature"},{"name":"package","value":"src.test.resources.features.register_feature.Register Feature"}],"links":[],"name":"I register on the website with valid data","status":"broken","statusDetails":{"known":false,"muted":false,"flaky":false,"message":"Step [User tries to register with {string}, {string}, {string}, {string} and {string}] is defined with 4 parameters at 'com.store.stepDefinitions.RegisterSteps.user_tries_to_register_with_and(java.lang.String,java.lang.String,java.lang.String,java.lang.String)'.\nHowever, the gherkin step has 5 arguments:\n * \"user@example.com\"\n * \"Pass123\"\n * \"Pass123\"\n * \"¿Your eldest siblings middle name?\"\n * \"Silvia\"\nStep text: User tries to register with \"user@example.com\", \"Pass123\", \"Pass123\", \"¿Your eldest siblings middle name?\" and \"Silvia\"","trace":"io.cucumber.core.exception.CucumberException: Step [User tries to register with {string}, {string}, {string}, {string} and {string}] is defined with 4 parameters at 'com.store.stepDefinitions.RegisterSteps.user_tries_to_register_with_and(java.lang.String,java.lang.String,java.lang.String,java.lang.String)'.\nHowever, the gherkin step has 5 arguments:\n * \"user@example.com\"\n * \"Pass123\"\n * \"Pass123\"\n * \"¿Your eldest siblings middle name?\"\n * \"Silvia\"\nStep text: User tries to register with \"user@example.com\", \"Pass123\", \"Pass123\", \"¿Your eldest siblings middle name?\" and \"Silvia\"\r\n\tat io.cucumber.core.runner.PickleStepDefinitionMatch.arityMismatch(PickleStepDefinitionMatch.java:82)\r\n\tat io.cucumber.core.runner.PickleStepDefinitionMatch.runStep(PickleStepDefinitionMatch.java:41)\r\n\tat io.cucumber.core.runner.ExecutionMode$1.execute(ExecutionMode.java:10)\r\n\tat io.cucumber.core.runner.TestStep.executeStep(TestStep.java:81)\r\n\tat io.cucumber.core.runner.TestStep.run(TestStep.java:53)\r\n\tat io.cucumber.core.runner.PickleStepTestStep.run(PickleStepTestStep.java:51)\r\n\tat io.cucumber.core.runner.TestCase.run(TestCase.java:84)\r\n\tat io.cucumber.core.runner.Runner.runPickle(Runner.java:75)\r\n\tat io.cucumber.testng.TestNGCucumberRunner.lambda$runScenario$1(TestNGCucumberRunner.java:135)\r\n\tat io.cucumber.core.runtime.CucumberExecutionContext.lambda$runTestCase$5(CucumberExecutionContext.java:136)\r\n\tat io.cucumber.core.runtime.RethrowingThrowableCollector.executeAndThrow(RethrowingThrowableCollector.java:23)\r\n\tat io.cucumber.core.runtime.CucumberExecutionContext.runTestCase(CucumberExecutionContext.java:136)\r\n\tat io.cucumber.testng.TestNGCucumberRunner.runScenario(TestNGCucumberRunner.java:132)\r\n\tat io.cucumber.testng.AbstractTestNGCucumberTests.runScenario(AbstractTestNGCucumberTests.java:35)\r\n\tat java.base/jdk.internal.reflect.NativeMethodAccessorImpl.invoke0(Native Method)\r\n\tat java.base/jdk.internal.reflect.NativeMethodAccessorImpl.invoke(NativeMethodAccessorImpl.java:77)\r\n\tat java.base/jdk.internal.reflect.DelegatingMethodAccessorImpl.invoke(DelegatingMethodAccessorImpl.java:43)\r\n\tat java.base/java.lang.reflect.Method.invoke(Method.java:569)\r\n\tat org.testng.internal.invokers.MethodInvocationHelper.invokeMethod(MethodInvocationHelper.java:141)\r\n\tat org.testng.internal.invokers.TestInvoker.invokeMethod(TestInvoker.java:686)\r\n\tat org.testng.internal.invokers.TestInvoker.invokeTestMethod(TestInvoker.java:230)\r\n\tat org.testng.internal.invokers.MethodRunner.runInSequence(MethodRunner.java:63)\r\n\tat org.testng.internal.invokers.TestInvoker$MethodInvocationAgent.invoke(TestInvoker.java:992)\r\n\tat org.testng.internal.invokers.TestInvoker.invokeTestMethods(TestInvoker.java:203)\r\n\tat org.testng.internal.invokers.TestMethodWorker.invokeTestMethods(TestMethodWorker.java:154)\r\n\tat org.testng.internal.invokers.TestMethodWorker.run(TestMethodWorker.java:134)\r\n\tat java.base/java.util.ArrayList.forEach(ArrayList.java:1511)\r\n\tat org.testng.TestRunner.privateRun(TestRunner.java:739)\r\n\tat org.testng.TestRunner.run(TestRunner.java:614)\r\n\tat org.testng.SuiteRunner.runTest(SuiteRunner.java:421)\r\n\tat org.testng.SuiteRunner.runSequentially(SuiteRunner.java:413)\r\n\tat org.testng.SuiteRunner.privateRun(SuiteRunner.java:373)\r\n\tat org.testng.SuiteRunner.run(SuiteRunner.java:312)\r\n\tat org.testng.SuiteRunnerWorker.runSuite(SuiteRunnerWorker.java:52)\r\n\tat org.testng.SuiteRunnerWorker.run(SuiteRunnerWorker.java:95)\r\n\tat org.testng.TestNG.runSuitesSequentially(TestNG.java:1274)\r\n\tat org.testng.TestNG.runSuitesLocally(TestNG.java:1208)\r\n\tat org.testng.TestNG.runSuites(TestNG.java:1112)\r\n\tat org.testng.TestNG.run(TestNG.java:1079)\r\n\tat com.intellij.rt.testng.IDEARemoteTestNG.run(IDEARemoteTestNG.java:65)\r\n\tat com.intellij.rt.testng.RemoteTestNGStarter.main(RemoteTestNGStarter.java:105)\r\n"},"stage":"finished","steps":[{"name":"Given User is in the registration page","status":"passed","statusDetails":{"known":false,"muted":false,"flaky":false},"stage":"finished","steps":[],"attachments":[],"parameters":[],"start":1734844200189,"stop":1734844206811},{"name":"When User tries to register with \"user@example.com\", \"Pass123\", \"Pass123\", \"¿Your eldest siblings middle name?\" and \"Silvia\"","status":"broken","statusDetails":{"known":false,"muted":false,"flaky":false,"message":"Step [User tries to register with {string}, {string}, {string}, {string} and {string}] is defined with 4 parameters at 'com.store.stepDefinitions.RegisterSteps.user_tries_to_register_with_and(java.lang.String,java.lang.String,java.lang.String,java.lang.String)'.\nHowever, the gherkin step has 5 arguments:\n * \"user@example.com\"\n * \"Pass123\"\n * \"Pass123\"\n * \"¿Your eldest siblings middle name?\"\n * \"Silvia\"\nStep text: User tries to register with \"user@example.com\", \"Pass123\", \"Pass123\", \"¿Your eldest siblings middle name?\" and \"Silvia\"","trace":"io.cucumber.core.exception.CucumberException: Step [User tries to register with {string}, {string}, {string}, {string} and {string}] is defined with 4 parameters at 'com.store.stepDefinitions.RegisterSteps.user_tries_to_register_with_and(java.lang.String,java.lang.String,java.lang.String,java.lang.String)'.\nHowever, the gherkin step has 5 arguments:\n * \"user@example.com\"\n * \"Pass123\"\n * \"Pass123\"\n * \"¿Your eldest siblings middle name?\"\n * \"Silvia\"\nStep text: User tries to register with \"user@example.com\", \"Pass123\", \"Pass123\", \"¿Your eldest siblings middle name?\" and \"Silvia\"\r\n\tat io.cucumber.core.runner.PickleStepDefinitionMatch.arityMismatch(PickleStepDefinitionMatch.java:82)\r\n\tat io.cucumber.core.runner.PickleStepDefinitionMatch.runStep(PickleStepDefinitionMatch.java:41)\r\n\tat io.cucumber.core.runner.ExecutionMode$1.execute(ExecutionMode.java:10)\r\n\tat io.cucumber.core.runner.TestStep.executeStep(TestStep.java:81)\r\n\tat io.cucumber.core.runner.TestStep.run(TestStep.java:53)\r\n\tat io.cucumber.core.runner.PickleStepTestStep.run(PickleStepTestStep.java:51)\r\n\tat io.cucumber.core.runner.TestCase.run(TestCase.java:84)\r\n\tat io.cucumber.core.runner.Runner.runPickle(Runner.java:75)\r\n\tat io.cucumber.testng.TestNGCucumberRunner.lambda$runScenario$1(TestNGCucumberRunner.java:135)\r\n\tat io.cucumber.core.runtime.CucumberExecutionContext.lambda$runTestCase$5(CucumberExecutionContext.java:136)\r\n\tat io.cucumber.core.runtime.RethrowingThrowableCollector.executeAndThrow(RethrowingThrowableCollector.java:23)\r\n\tat io.cucumber.core.runtime.CucumberExecutionContext.runTestCase(CucumberExecutionContext.java:136)\r\n\tat io.cucumber.testng.TestNGCucumberRunner.runScenario(TestNGCucumberRunner.java:132)\r\n\tat io.cucumber.testng.AbstractTestNGCucumberTests.runScenario(AbstractTestNGCucumberTests.java:35)\r\n\tat java.base/jdk.internal.reflect.NativeMethodAccessorImpl.invoke0(Native Method)\r\n\tat java.base/jdk.internal.reflect.NativeMethodAccessorImpl.invoke(NativeMethodAccessorImpl.java:77)\r\n\tat java.base/jdk.internal.reflect.DelegatingMethodAccessorImpl.invoke(DelegatingMethodAccessorImpl.java:43)\r\n\tat java.base/java.lang.reflect.Method.invoke(Method.java:569)\r\n\tat org.testng.internal.invokers.MethodInvocationHelper.invokeMethod(MethodInvocationHelper.java:141)\r\n\tat org.testng.internal.invokers.TestInvoker.invokeMethod(TestInvoker.java:686)\r\n\tat org.testng.internal.invokers.TestInvoker.invokeTestMethod(TestInvoker.java:230)\r\n\tat org.testng.internal.invokers.MethodRunner.runInSequence(MethodRunner.java:63)\r\n\tat org.testng.internal.invokers.TestInvoker$MethodInvocationAgent.invoke(TestInvoker.java:992)\r\n\tat org.testng.internal.invokers.TestInvoker.invokeTestMethods(TestInvoker.java:203)\r\n\tat org.testng.internal.invokers.TestMethodWorker.invokeTestMethods(TestMethodWorker.java:154)\r\n\tat org.testng.internal.invokers.TestMethodWorker.run(TestMethodWorker.java:134)\r\n\tat java.base/java.util.ArrayList.forEach(ArrayList.java:1511)\r\n\tat org.testng.TestRunner.privateRun(TestRunner.java:739)\r\n\tat org.testng.TestRunner.run(TestRunner.java:614)\r\n\tat org.testng.SuiteRunner.runTest(SuiteRunner.java:421)\r\n\tat org.testng.SuiteRunner.runSequentially(SuiteRunner.java:413)\r\n\tat org.testng.SuiteRunner.privateRun(SuiteRunner.java:373)\r\n\tat org.testng.SuiteRunner.run(SuiteRunner.java:312)\r\n\tat org.testng.SuiteRunnerWorker.runSuite(SuiteRunnerWorker.java:52)\r\n\tat org.testng.SuiteRunnerWorker.run(SuiteRunnerWorker.java:95)\r\n\tat org.testng.TestNG.runSuitesSequentially(TestNG.java:1274)\r\n\tat org.testng.TestNG.runSuitesLocally(TestNG.java:1208)\r\n\tat org.testng.TestNG.runSuites(TestNG.java:1112)\r\n\tat org.testng.TestNG.run(TestNG.java:1079)\r\n\tat com.intellij.rt.testng.IDEARemoteTestNG.run(IDEARemoteTestNG.java:65)\r\n\tat com.intellij.rt.testng.RemoteTestNGStarter.main(RemoteTestNGStarter.java:105)\r\n"},"stage":"finished","steps":[],"attachments":[],"parameters":[],"start":1734844206812,"stop":1734844206822},{"name":"Then User verifies successful registration message","status":"skipped","statusDetails":{"known":false,"muted":false,"flaky":false},"stage":"finished","steps":[],"attachments":[],"parameters":[],"start":1734844206827,"stop":1734844206828}],"attachments":[],"parameters":[{"name":"email","value":"user@example.com"},{"name":"password","value":"Pass123"},{"name":"repeatPassword","value":"Pass123"},{"name":"securityQuestion","value":"¿Your eldest siblings middle name?"},{"name":"answer","value":"Silvia"}],"start":1734844196208,"stop":1734844206837}